# JRE version: OpenJDK Runtime Environment (11.0.11+9) (build 11.0.11+9-b60-7590822)
# Java VM: OpenJDK 64-Bit Server VM (11.0.11+9-b60-7590822, mixed mode, tiered, compressed oops, g1 gc, windows-amd64)
Heap:
 garbage-first heap   total 375808K, used 149683K [0x00000000a0000000, 0x0000000100000000)
  region size 1024K, 30 young (30720K), 15 survivors (15360K)
 Metaspace       used 107126K, capacity 109971K, committed 110112K, reserved 1144832K
  class space    used 13366K, capacity 14429K, committed 14540K, reserved 1048576K
GC Heap History (20 events):
Event: 169.172 GC heap before
{Heap before GC invocations=105 (full 0):
 garbage-first heap   total 273408K, used 142343K [0x00000000a0000000, 0x0000000100000000)
  region size 1024K, 18 young (18432K), 7 survivors (7168K)
 Metaspace       used 106901K, capacity 109711K, committed 109856K, reserved 1144832K
  class space    used 13363K, capacity 14424K, committed 14540K, reserved 1048576K
}
Event: 169.189 GC heap after
{Heap after GC invocations=106 (full 0):
 garbage-first heap   total 273408K, used 132621K [0x00000000a0000000, 0x0000000100000000)
  region size 1024K, 7 young (7168K), 7 survivors (7168K)
 Metaspace       used 106901K, capacity 109711K, committed 109856K, reserved 1144832K
  class space    used 13363K, capacity 14424K, committed 14540K, reserved 1048576K
}
Event: 170.647 GC heap before
{Heap before GC invocations=107 (full 0):
 garbage-first heap   total 273408K, used 232973K [0x00000000a0000000, 0x0000000100000000)
  region size 1024K, 105 young (107520K), 7 survivors (7168K)
 Metaspace       used 106978K, capacity 109739K, committed 109856K, reserved 1144832K
  class space    used 13363K, capacity 14424K, committed 14540K, reserved 1048576K
}
Event: 170.682 GC heap after
{Heap after GC invocations=108 (full 0):
 garbage-first heap   total 273408K, used 140391K [0x00000000a0000000, 0x0000000100000000)
  region size 1024K, 14 young (14336K), 14 survivors (14336K)
 Metaspace       used 106978K, capacity 109739K, committed 109856K, reserved 1144832K
  class space    used 13363K, capacity 14424K, committed 14540K, reserved 1048576K
}
Event: 170.699 GC heap before
{Heap before GC invocations=108 (full 0):
 garbage-first heap   total 273408K, used 141415K [0x00000000a0000000, 0x0000000100000000)
  region size 1024K, 15 young (15360K), 14 survivors (14336K)
 Metaspace       used 106978K, capacity 109739K, committed 109856K, reserved 1144832K
  class space    used 13363K, capacity 14424K, committed 14540K, reserved 1048576K
}
Event: 170.738 GC heap after
{Heap after GC invocations=109 (full 0):
 garbage-first heap   total 325632K, used 134376K [0x00000000a0000000, 0x0000000100000000)
  region size 1024K, 2 young (2048K), 2 survivors (2048K)
 Metaspace       used 106978K, capacity 109739K, committed 109856K, reserved 1144832K
  class space    used 13363K, capacity 14424K, committed 14540K, reserved 1048576K
}
Event: 172.342 GC heap before
{Heap before GC invocations=109 (full 0):
 garbage-first heap   total 325632K, used 264424K [0x00000000a0000000, 0x0000000100000000)
  region size 1024K, 128 young (131072K), 2 survivors (2048K)
 Metaspace       used 107003K, capacity 109807K, committed 110112K, reserved 1144832K
  class space    used 13363K, capacity 14424K, committed 14540K, reserved 1048576K
}
Event: 172.384 GC heap after
{Heap after GC invocations=110 (full 0):
 garbage-first heap   total 325632K, used 139643K [0x00000000a0000000, 0x0000000100000000)
  region size 1024K, 8 young (8192K), 8 survivors (8192K)
 Metaspace       used 107003K, capacity 109807K, committed 110112K, reserved 1144832K
  class space    used 13363K, capacity 14424K, committed 14540K, reserved 1048576K
}
Event: 173.550 GC heap before
{Heap before GC invocations=110 (full 0):
 garbage-first heap   total 325632K, used 266619K [0x00000000a0000000, 0x0000000100000000)
  region size 1024K, 133 young (136192K), 8 survivors (8192K)
 Metaspace       used 107054K, capacity 109892K, committed 110112K, reserved 1144832K
  class space    used 13364K, capacity 14426K, committed 14540K, reserved 1048576K
}
Event: 173.582 GC heap after
{Heap after GC invocations=111 (full 0):
 garbage-first heap   total 325632K, used 146607K [0x00000000a0000000, 0x0000000100000000)
  region size 1024K, 14 young (14336K), 14 survivors (14336K)
 Metaspace       used 107054K, capacity 109892K, committed 110112K, reserved 1144832K
  class space    used 13364K, capacity 14426K, committed 14540K, reserved 1048576K
}
Event: 174.559 GC heap before
{Heap before GC invocations=111 (full 0):
 garbage-first heap   total 325632K, used 267439K [0x00000000a0000000, 0x0000000100000000)
  region size 1024K, 132 young (135168K), 14 survivors (14336K)
 Metaspace       used 107083K, capacity 109897K, committed 110112K, reserved 1144832K
  class space    used 13364K, capacity 14426K, committed 14540K, reserved 1048576K
}
Event: 174.610 GC heap after
{Heap after GC invocations=112 (full 0):
 garbage-first heap   total 325632K, used 149098K [0x00000000a0000000, 0x0000000100000000)
  region size 1024K, 11 young (11264K), 11 survivors (11264K)
 Metaspace       used 107083K, capacity 109897K, committed 110112K, reserved 1144832K
  class space    used 13364K, capacity 14426K, committed 14540K, reserved 1048576K
}
Event: 175.744 GC heap before
{Heap before GC invocations=113 (full 0):
 garbage-first heap   total 325632K, used 264810K [0x00000000a0000000, 0x0000000100000000)
  region size 1024K, 125 young (128000K), 11 survivors (11264K)
 Metaspace       used 107094K, capacity 109897K, committed 110112K, reserved 1144832K
  class space    used 13364K, capacity 14426K, committed 14540K, reserved 1048576K
}
Event: 175.770 GC heap after
{Heap after GC invocations=114 (full 0):
 garbage-first heap   total 375808K, used 154094K [0x00000000a0000000, 0x0000000100000000)
  region size 1024K, 10 young (10240K), 10 survivors (10240K)
 Metaspace       used 107094K, capacity 109897K, committed 110112K, reserved 1144832K
  class space    used 13364K, capacity 14426K, committed 14540K, reserved 1048576K
}
Event: 175.887 GC heap before
{Heap before GC invocations=114 (full 0):
 garbage-first heap   total 375808K, used 162286K [0x00000000a0000000, 0x0000000100000000)
  region size 1024K, 18 young (18432K), 10 survivors (10240K)
 Metaspace       used 107094K, capacity 109897K, committed 110112K, reserved 1144832K
  class space    used 13364K, capacity 14426K, committed 14540K, reserved 1048576K
}
Event: 175.915 GC heap after
{Heap after GC invocations=115 (full 0):
 garbage-first heap   total 375808K, used 120832K [0x00000000a0000000, 0x0000000100000000)
  region size 1024K, 2 young (2048K), 2 survivors (2048K)
 Metaspace       used 107094K, capacity 109897K, committed 110112K, reserved 1144832K
  class space    used 13364K, capacity 14426K, committed 14540K, reserved 1048576K
}
Event: 177.866 GC heap before
{Heap before GC invocations=115 (full 0):
 garbage-first heap   total 375808K, used 309248K [0x00000000a0000000, 0x0000000100000000)
  region size 1024K, 186 young (190464K), 2 survivors (2048K)
 Metaspace       used 107099K, capacity 109898K, committed 110112K, reserved 1144832K
  class space    used 13364K, capacity 14426K, committed 14540K, reserved 1048576K
}
Event: 177.891 GC heap after
{Heap after GC invocations=116 (full 0):
 garbage-first heap   total 375808K, used 128000K [0x00000000a0000000, 0x0000000100000000)
  region size 1024K, 9 young (9216K), 9 survivors (9216K)
 Metaspace       used 107099K, capacity 109898K, committed 110112K, reserved 1144832K
  class space    used 13364K, capacity 14426K, committed 14540K, reserved 1048576K
}
Event: 179.202 GC heap before
{Heap before GC invocations=116 (full 0):
 garbage-first heap   total 375808K, used 305152K [0x00000000a0000000, 0x0000000100000000)
  region size 1024K, 182 young (186368K), 9 survivors (9216K)
 Metaspace       used 107117K, capacity 109968K, committed 110112K, reserved 1144832K
  class space    used 13365K, capacity 14428K, committed 14540K, reserved 1048576K
}
Event: 179.225 GC heap after
{Heap after GC invocations=117 (full 0):
 garbage-first heap   total 375808K, used 131435K [0x00000000a0000000, 0x0000000100000000)
  region size 1024K, 13 young (13312K), 13 survivors (13312K)
 Metaspace       used 107117K, capacity 109968K, committed 110112K, reserved 1144832K
  class space    used 13365K, capacity 14428K, committed 14540K, reserved 1048576K
}

