# JRE version: OpenJDK Runtime Environment (11.0.13) (build 11.0.13+0-b1751.21-8125866)
# Java VM: OpenJDK 64-Bit Server VM (11.0.13+0-b1751.21-8125866, mixed mode, tiered, compressed oops, g1 gc, windows-amd64)
Heap:
 garbage-first heap   total 375808K, used 294672K [0x00000000a0000000, 0x0000000100000000)
  region size 1024K, 140 young (143360K), 1 survivors (1024K)
 Metaspace       used 178502K, capacity 182173K, committed 182320K, reserved 1210368K
  class space    used 20885K, capacity 22143K, committed 22144K, reserved 1048576K
GC Heap History (20 events):
Event: 5657.092 GC heap before
{Heap before GC invocations=181 (full 0):
 garbage-first heap   total 375808K, used 130685K [0x00000000a0000000, 0x0000000100000000)
  region size 1024K, 40 young (40960K), 3 survivors (3072K)
 Metaspace       used 128632K, capacity 131721K, committed 131760K, reserved 1165312K
  class space    used 15015K, capacity 16097K, committed 16128K, reserved 1048576K
}
Event: 5657.117 GC heap after
{Heap after GC invocations=182 (full 0):
 garbage-first heap   total 375808K, used 99417K [0x00000000a0000000, 0x0000000100000000)
  region size 1024K, 8 young (8192K), 8 survivors (8192K)
 Metaspace       used 128632K, capacity 131721K, committed 131760K, reserved 1165312K
  class space    used 15015K, capacity 16097K, committed 16128K, reserved 1048576K
}
Event: 5689.840 GC heap before
{Heap before GC invocations=183 (full 0):
 garbage-first heap   total 375808K, used 229465K [0x00000000a0000000, 0x0000000100000000)
  region size 1024K, 128 young (131072K), 8 survivors (8192K)
 Metaspace       used 141124K, capacity 144509K, committed 144560K, reserved 1177600K
  class space    used 16227K, capacity 17389K, committed 17408K, reserved 1048576K
}
Event: 5689.865 GC heap after
{Heap after GC invocations=184 (full 0):
 garbage-first heap   total 375808K, used 111848K [0x00000000a0000000, 0x0000000100000000)
  region size 1024K, 13 young (13312K), 13 survivors (13312K)
 Metaspace       used 141124K, capacity 144509K, committed 144560K, reserved 1177600K
  class space    used 16227K, capacity 17389K, committed 17408K, reserved 1048576K
}
Event: 5692.128 GC heap before
{Heap before GC invocations=184 (full 0):
 garbage-first heap   total 375808K, used 115944K [0x00000000a0000000, 0x0000000100000000)
  region size 1024K, 18 young (18432K), 13 survivors (13312K)
 Metaspace       used 141924K, capacity 145288K, committed 145456K, reserved 1177600K
  class space    used 16306K, capacity 17457K, committed 17536K, reserved 1048576K
}
Event: 5692.180 GC heap after
{Heap after GC invocations=185 (full 0):
 garbage-first heap   total 375808K, used 109650K [0x00000000a0000000, 0x0000000100000000)
  region size 1024K, 2 young (2048K), 2 survivors (2048K)
 Metaspace       used 141924K, capacity 145288K, committed 145456K, reserved 1177600K
  class space    used 16306K, capacity 17457K, committed 17536K, reserved 1048576K
}
Event: 5697.258 GC heap before
{Heap before GC invocations=185 (full 0):
 garbage-first heap   total 375808K, used 118866K [0x00000000a0000000, 0x0000000100000000)
  region size 1024K, 12 young (12288K), 2 survivors (2048K)
 Metaspace       used 144475K, capacity 147874K, committed 148144K, reserved 1179648K
  class space    used 16637K, capacity 17816K, committed 17920K, reserved 1048576K
}
Event: 5697.269 GC heap after
{Heap after GC invocations=186 (full 0):
 garbage-first heap   total 375808K, used 108781K [0x00000000a0000000, 0x0000000100000000)
  region size 1024K, 1 young (1024K), 1 survivors (1024K)
 Metaspace       used 144475K, capacity 147874K, committed 148144K, reserved 1179648K
  class space    used 16637K, capacity 17816K, committed 17920K, reserved 1048576K
}
Event: 5731.088 GC heap before
{Heap before GC invocations=187 (full 0):
 garbage-first heap   total 375808K, used 255213K [0x00000000a0000000, 0x0000000100000000)
  region size 1024K, 142 young (145408K), 1 survivors (1024K)
 Metaspace       used 169942K, capacity 173516K, committed 173744K, reserved 1202176K
  class space    used 19969K, capacity 21215K, committed 21248K, reserved 1048576K
}
Event: 5731.114 GC heap after
{Heap after GC invocations=188 (full 0):
 garbage-first heap   total 375808K, used 123220K [0x00000000a0000000, 0x0000000100000000)
  region size 1024K, 14 young (14336K), 14 survivors (14336K)
 Metaspace       used 169942K, capacity 173516K, committed 173744K, reserved 1202176K
  class space    used 19969K, capacity 21215K, committed 21248K, reserved 1048576K
}
Event: 5731.458 GC heap before
{Heap before GC invocations=188 (full 0):
 garbage-first heap   total 375808K, used 127316K [0x00000000a0000000, 0x0000000100000000)
  region size 1024K, 18 young (18432K), 14 survivors (14336K)
 Metaspace       used 170329K, capacity 173872K, committed 174000K, reserved 1202176K
  class space    used 20015K, capacity 21248K, committed 21248K, reserved 1048576K
}
Event: 5731.490 GC heap after
{Heap after GC invocations=189 (full 0):
 garbage-first heap   total 375808K, used 119155K [0x00000000a0000000, 0x0000000100000000)
  region size 1024K, 2 young (2048K), 2 survivors (2048K)
 Metaspace       used 170329K, capacity 173872K, committed 174000K, reserved 1202176K
  class space    used 20015K, capacity 21248K, committed 21248K, reserved 1048576K
}
Event: 5731.897 GC heap before
{Heap before GC invocations=189 (full 0):
 garbage-first heap   total 375808K, used 121203K [0x00000000a0000000, 0x0000000100000000)
  region size 1024K, 5 young (5120K), 2 survivors (2048K)
 Metaspace       used 170680K, capacity 174262K, committed 174384K, reserved 1202176K
  class space    used 20051K, capacity 21314K, committed 21376K, reserved 1048576K
}
Event: 5731.911 GC heap after
{Heap after GC invocations=190 (full 0):
 garbage-first heap   total 375808K, used 118729K [0x00000000a0000000, 0x0000000100000000)
  region size 1024K, 2 young (2048K), 2 survivors (2048K)
 Metaspace       used 170680K, capacity 174262K, committed 174384K, reserved 1202176K
  class space    used 20051K, capacity 21314K, committed 21376K, reserved 1048576K
}
Event: 5745.952 GC heap before
{Heap before GC invocations=191 (full 0):
 garbage-first heap   total 375808K, used 275401K [0x00000000a0000000, 0x0000000100000000)
  region size 1024K, 152 young (155648K), 2 survivors (2048K)
 Metaspace       used 178317K, capacity 181929K, committed 182064K, reserved 1210368K
  class space    used 20862K, capacity 22109K, committed 22144K, reserved 1048576K
}
Event: 5745.990 GC heap after
{Heap after GC invocations=192 (full 0):
 garbage-first heap   total 375808K, used 135048K [0x00000000a0000000, 0x0000000100000000)
  region size 1024K, 19 young (19456K), 19 survivors (19456K)
 Metaspace       used 178317K, capacity 181929K, committed 182064K, reserved 1210368K
  class space    used 20862K, capacity 22109K, committed 22144K, reserved 1048576K
}
Event: 5746.087 GC heap before
{Heap before GC invocations=192 (full 0):
 garbage-first heap   total 375808K, used 135048K [0x00000000a0000000, 0x0000000100000000)
  region size 1024K, 20 young (20480K), 19 survivors (19456K)
 Metaspace       used 178317K, capacity 181929K, committed 182064K, reserved 1210368K
  class space    used 20862K, capacity 22109K, committed 22144K, reserved 1048576K
}
Event: 5746.117 GC heap after
{Heap after GC invocations=193 (full 0):
 garbage-first heap   total 375808K, used 136003K [0x00000000a0000000, 0x0000000100000000)
  region size 1024K, 2 young (2048K), 2 survivors (2048K)
 Metaspace       used 178317K, capacity 181929K, committed 182064K, reserved 1210368K
  class space    used 20862K, capacity 22109K, committed 22144K, reserved 1048576K
}
Event: 5748.085 GC heap before
{Heap before GC invocations=193 (full 0):
 garbage-first heap   total 375808K, used 150339K [0x00000000a0000000, 0x0000000100000000)
  region size 1024K, 18 young (18432K), 2 survivors (2048K)
 Metaspace       used 178333K, capacity 181929K, committed 182064K, reserved 1210368K
  class space    used 20862K, capacity 22109K, committed 22144K, reserved 1048576K
}
Event: 5748.098 GC heap after
{Heap after GC invocations=194 (full 0):
 garbage-first heap   total 375808K, used 134739K [0x00000000a0000000, 0x0000000100000000)
  region size 1024K, 1 young (1024K), 1 survivors (1024K)
 Metaspace       used 178333K, capacity 181929K, committed 182064K, reserved 1210368K
  class space    used 20862K, capacity 22109K, committed 22144K, reserved 1048576K
}

