# JRE version: OpenJDK Runtime Environment (11.0.11+9) (build 11.0.11+9-b60-7590822)
# Java VM: OpenJDK 64-Bit Server VM (11.0.11+9-b60-7590822, mixed mode, tiered, compressed oops, g1 gc, windows-amd64)
Heap:
 garbage-first heap   total 157696K, used 132113K [0x00000000a0000000, 0x0000000100000000)
  region size 1024K, 17 young (17408K), 3 survivors (3072K)
 Metaspace       used 112723K, capacity 115790K, committed 116000K, reserved 1150976K
  class space    used 13778K, capacity 14898K, committed 14976K, reserved 1048576K
GC Heap History (20 events):
Event: 206.143 GC heap before
{Heap before GC invocations=110 (full 0):
 garbage-first heap   total 157696K, used 131098K [0x00000000a0000000, 0x0000000100000000)
  region size 1024K, 3 young (3072K), 2 survivors (2048K)
 Metaspace       used 108090K, capacity 111058K, committed 111264K, reserved 1146880K
  class space    used 13192K, capacity 14304K, committed 14336K, reserved 1048576K
}
Event: 206.152 GC heap after
{Heap after GC invocations=111 (full 0):
 garbage-first heap   total 157696K, used 126870K [0x00000000a0000000, 0x0000000100000000)
  region size 1024K, 1 young (1024K), 1 survivors (1024K)
 Metaspace       used 108090K, capacity 111058K, committed 111264K, reserved 1146880K
  class space    used 13192K, capacity 14304K, committed 14336K, reserved 1048576K
}
Event: 207.163 GC heap before
{Heap before GC invocations=112 (full 0):
 garbage-first heap   total 157696K, used 134038K [0x00000000a0000000, 0x0000000100000000)
  region size 1024K, 7 young (7168K), 1 survivors (1024K)
 Metaspace       used 108168K, capacity 111176K, committed 111264K, reserved 1146880K
  class space    used 13201K, capacity 14313K, committed 14336K, reserved 1048576K
}
Event: 207.167 GC heap after
{Heap after GC invocations=113 (full 0):
 garbage-first heap   total 157696K, used 125481K [0x00000000a0000000, 0x0000000100000000)
  region size 1024K, 1 young (1024K), 1 survivors (1024K)
 Metaspace       used 108168K, capacity 111176K, committed 111264K, reserved 1146880K
  class space    used 13201K, capacity 14313K, committed 14336K, reserved 1048576K
}
Event: 213.285 GC heap before
{Heap before GC invocations=113 (full 0):
 garbage-first heap   total 157696K, used 131625K [0x00000000a0000000, 0x0000000100000000)
  region size 1024K, 8 young (8192K), 1 survivors (1024K)
 Metaspace       used 108561K, capacity 111639K, committed 111904K, reserved 1146880K
  class space    used 13257K, capacity 14382K, committed 14464K, reserved 1048576K
}
Event: 213.290 GC heap after
{Heap after GC invocations=114 (full 0):
 garbage-first heap   total 157696K, used 126035K [0x00000000a0000000, 0x0000000100000000)
  region size 1024K, 1 young (1024K), 1 survivors (1024K)
 Metaspace       used 108561K, capacity 111639K, committed 111904K, reserved 1146880K
  class space    used 13257K, capacity 14382K, committed 14464K, reserved 1048576K
}
Event: 214.095 GC heap before
{Heap before GC invocations=115 (full 0):
 garbage-first heap   total 157696K, used 128083K [0x00000000a0000000, 0x0000000100000000)
  region size 1024K, 8 young (8192K), 1 survivors (1024K)
 Metaspace       used 108920K, capacity 112070K, committed 112160K, reserved 1146880K
  class space    used 13298K, capacity 14440K, committed 14464K, reserved 1048576K
}
Event: 214.100 GC heap after
{Heap after GC invocations=116 (full 0):
 garbage-first heap   total 157696K, used 121227K [0x00000000a0000000, 0x0000000100000000)
  region size 1024K, 1 young (1024K), 1 survivors (1024K)
 Metaspace       used 108920K, capacity 112070K, committed 112160K, reserved 1146880K
  class space    used 13298K, capacity 14440K, committed 14464K, reserved 1048576K
}
Event: 215.003 GC heap before
{Heap before GC invocations=116 (full 0):
 garbage-first heap   total 157696K, used 126347K [0x00000000a0000000, 0x0000000100000000)
  region size 1024K, 7 young (7168K), 1 survivors (1024K)
 Metaspace       used 109403K, capacity 112521K, committed 112800K, reserved 1146880K
  class space    used 13369K, capacity 14505K, committed 14592K, reserved 1048576K
}
Event: 215.013 GC heap after
{Heap after GC invocations=117 (full 0):
 garbage-first heap   total 157696K, used 111567K [0x00000000a0000000, 0x0000000100000000)
  region size 1024K, 1 young (1024K), 1 survivors (1024K)
 Metaspace       used 109403K, capacity 112521K, committed 112800K, reserved 1146880K
  class space    used 13369K, capacity 14505K, committed 14592K, reserved 1048576K
}
Event: 216.028 GC heap before
{Heap before GC invocations=117 (full 0):
 garbage-first heap   total 157696K, used 125903K [0x00000000a0000000, 0x0000000100000000)
  region size 1024K, 15 young (15360K), 1 survivors (1024K)
 Metaspace       used 110873K, capacity 113929K, committed 113952K, reserved 1148928K
  class space    used 13569K, capacity 14697K, committed 14720K, reserved 1048576K
}
Event: 216.033 GC heap after
{Heap after GC invocations=118 (full 0):
 garbage-first heap   total 157696K, used 111894K [0x00000000a0000000, 0x0000000100000000)
  region size 1024K, 1 young (1024K), 1 survivors (1024K)
 Metaspace       used 110873K, capacity 113929K, committed 113952K, reserved 1148928K
  class space    used 13569K, capacity 14697K, committed 14720K, reserved 1048576K
}
Event: 218.984 GC heap before
{Heap before GC invocations=118 (full 0):
 garbage-first heap   total 157696K, used 127254K [0x00000000a0000000, 0x0000000100000000)
  region size 1024K, 16 young (16384K), 1 survivors (1024K)
 Metaspace       used 111770K, capacity 114763K, committed 115104K, reserved 1148928K
  class space    used 13650K, capacity 14761K, committed 14848K, reserved 1048576K
}
Event: 218.992 GC heap after
{Heap after GC invocations=119 (full 0):
 garbage-first heap   total 157696K, used 114088K [0x00000000a0000000, 0x0000000100000000)
  region size 1024K, 2 young (2048K), 2 survivors (2048K)
 Metaspace       used 111770K, capacity 114763K, committed 115104K, reserved 1148928K
  class space    used 13650K, capacity 14761K, committed 14848K, reserved 1048576K
}
Event: 220.140 GC heap before
{Heap before GC invocations=119 (full 0):
 garbage-first heap   total 157696K, used 128424K [0x00000000a0000000, 0x0000000100000000)
  region size 1024K, 17 young (17408K), 2 survivors (2048K)
 Metaspace       used 111890K, capacity 114931K, committed 115104K, reserved 1148928K
  class space    used 13661K, capacity 14767K, committed 14848K, reserved 1048576K
}
Event: 220.147 GC heap after
{Heap after GC invocations=120 (full 0):
 garbage-first heap   total 157696K, used 114451K [0x00000000a0000000, 0x0000000100000000)
  region size 1024K, 2 young (2048K), 2 survivors (2048K)
 Metaspace       used 111890K, capacity 114931K, committed 115104K, reserved 1148928K
  class space    used 13661K, capacity 14767K, committed 14848K, reserved 1048576K
}
Event: 221.341 GC heap before
{Heap before GC invocations=120 (full 0):
 garbage-first heap   total 157696K, used 128787K [0x00000000a0000000, 0x0000000100000000)
  region size 1024K, 17 young (17408K), 2 survivors (2048K)
 Metaspace       used 112217K, capacity 115243K, committed 115360K, reserved 1150976K
  class space    used 13711K, capacity 14847K, committed 14848K, reserved 1048576K
}
Event: 221.347 GC heap after
{Heap after GC invocations=121 (full 0):
 garbage-first heap   total 157696K, used 114771K [0x00000000a0000000, 0x0000000100000000)
  region size 1024K, 1 young (1024K), 1 survivors (1024K)
 Metaspace       used 112217K, capacity 115243K, committed 115360K, reserved 1150976K
  class space    used 13711K, capacity 14847K, committed 14848K, reserved 1048576K
}
Event: 222.394 GC heap before
{Heap before GC invocations=121 (full 0):
 garbage-first heap   total 157696K, used 129107K [0x00000000a0000000, 0x0000000100000000)
  region size 1024K, 16 young (16384K), 1 survivors (1024K)
 Metaspace       used 112244K, capacity 115314K, committed 115360K, reserved 1150976K
  class space    used 13712K, capacity 14848K, committed 14848K, reserved 1048576K
}
Event: 222.398 GC heap after
{Heap after GC invocations=122 (full 0):
 garbage-first heap   total 157696K, used 115045K [0x00000000a0000000, 0x0000000100000000)
  region size 1024K, 2 young (2048K), 2 survivors (2048K)
 Metaspace       used 112244K, capacity 115314K, committed 115360K, reserved 1150976K
  class space    used 13712K, capacity 14848K, committed 14848K, reserved 1048576K
}

